2025-03-26 05:28:51.854  INFO 517482 --- [restartedMain] com.geneza.lms.Application               : Starting Application on ip-172-31-25-44 with PID 517482 (/home/ubuntu/lms/lms/lmspost/lmspost/target/classes started by ubuntu in /home/ubuntu/lms/lms/lmspost/lmspost)
2025-03-26 05:28:51.865  INFO 517482 --- [restartedMain] com.geneza.lms.Application               : No active profile set, falling back to default profiles: default
2025-03-26 05:28:56.152  INFO 517482 --- [restartedMain] o.apache.catalina.core.StandardService   : Starting service [Tomcat]
2025-03-26 05:28:56.154  INFO 517482 --- [restartedMain] org.apache.catalina.core.StandardEngine  : Starting Servlet Engine: Apache Tomcat/8.5.37
2025-03-26 05:28:56.169  INFO 517482 --- [localhost-startStop-1] o.a.catalina.core.AprLifecycleListener   : The APR based Apache Tomcat Native library which allows optimal performance in production environments was not found on the java.library.path: [/usr/java/packages/lib/amd64:/usr/lib/x86_64-linux-gnu/jni:/lib/x86_64-linux-gnu:/usr/lib/x86_64-linux-gnu:/usr/lib/jni:/lib:/usr/lib]
2025-03-26 05:28:56.315  INFO 517482 --- [localhost-startStop-1] o.a.c.c.C.[Tomcat].[localhost].[/]       : Initializing Spring embedded WebApplicationContext
2025-03-26 05:29:38.041  INFO 517482 --- [restartedMain] o.apache.catalina.core.StandardService   : Stopping service [Tomcat]
2025-03-26 05:29:38.098 ERROR 517482 --- [restartedMain] o.s.boot.SpringApplication               : Application run failed

org.springframework.beans.factory.BeanCreationException: Error creating bean with name 'secondaryEntityManagerFactory' defined in class path resource [com/geneza/lms/config/SecondaryDatabaseConfig.class]: Invocation of init method failed; nested exception is org.hibernate.AnnotationException: @OneToOne or @ManyToOne on com.geneza.lms.domain.secondary.User.person references an unknown entity: com.geneza.lms.domain.Person
	at org.springframework.beans.factory.support.AbstractAutowireCapableBeanFactory.initializeBean(AbstractAutowireCapableBeanFactory.java:1694) ~[spring-beans-5.0.12.RELEASE.jar:5.0.12.RELEASE]
	at org.springframework.beans.factory.support.AbstractAutowireCapableBeanFactory.doCreateBean(AbstractAutowireCapableBeanFactory.java:573) ~[spring-beans-5.0.12.RELEASE.jar:5.0.12.RELEASE]
	at org.springframework.beans.factory.support.AbstractAutowireCapableBeanFactory.createBean(AbstractAutowireCapableBeanFactory.java:495) ~[spring-beans-5.0.12.RELEASE.jar:5.0.12.RELEASE]
	at org.springframework.beans.factory.support.AbstractBeanFactory.lambda$doGetBean$0(AbstractBeanFactory.java:317) ~[spring-beans-5.0.12.RELEASE.jar:5.0.12.RELEASE]
	at org.springframework.beans.factory.support.DefaultSingletonBeanRegistry.getSingleton(DefaultSingletonBeanRegistry.java:222) ~[spring-beans-5.0.12.RELEASE.jar:5.0.12.RELEASE]
	at org.springframework.beans.factory.support.AbstractBeanFactory.doGetBean(AbstractBeanFactory.java:315) ~[spring-beans-5.0.12.RELEASE.jar:5.0.12.RELEASE]
	at org.springframework.beans.factory.support.AbstractBeanFactory.getBean(AbstractBeanFactory.java:199) ~[spring-beans-5.0.12.RELEASE.jar:5.0.12.RELEASE]
	at org.springframework.context.support.AbstractApplicationContext.getBean(AbstractApplicationContext.java:1087) ~[spring-context-5.0.12.RELEASE.jar:5.0.12.RELEASE]
	at org.springframework.context.support.AbstractApplicationContext.finishBeanFactoryInitialization(AbstractApplicationContext.java:857) ~[spring-context-5.0.12.RELEASE.jar:5.0.12.RELEASE]
	at org.springframework.context.support.AbstractApplicationContext.refresh(AbstractApplicationContext.java:548) ~[spring-context-5.0.12.RELEASE.jar:5.0.12.RELEASE]
	at org.springframework.boot.web.servlet.context.ServletWebServerApplicationContext.refresh(ServletWebServerApplicationContext.java:142) ~[spring-boot-2.0.8.RELEASE.jar:2.0.8.RELEASE]
	at org.springframework.boot.SpringApplication.refresh(SpringApplication.java:754) [spring-boot-2.0.8.RELEASE.jar:2.0.8.RELEASE]
	at org.springframework.boot.SpringApplication.refreshContext(SpringApplication.java:386) [spring-boot-2.0.8.RELEASE.jar:2.0.8.RELEASE]
	at org.springframework.boot.SpringApplication.run(SpringApplication.java:307) [spring-boot-2.0.8.RELEASE.jar:2.0.8.RELEASE]
	at org.springframework.boot.SpringApplication.run(SpringApplication.java:1242) [spring-boot-2.0.8.RELEASE.jar:2.0.8.RELEASE]
	at org.springframework.boot.SpringApplication.run(SpringApplication.java:1230) [spring-boot-2.0.8.RELEASE.jar:2.0.8.RELEASE]
	at com.geneza.lms.Application.main(Application.java:23) [classes/:na]
	at sun.reflect.NativeMethodAccessorImpl.invoke0(Native Method) ~[na:1.8.0_442]
	at sun.reflect.NativeMethodAccessorImpl.invoke(NativeMethodAccessorImpl.java:62) ~[na:1.8.0_442]
	at sun.reflect.DelegatingMethodAccessorImpl.invoke(DelegatingMethodAccessorImpl.java:43) ~[na:1.8.0_442]
	at java.lang.reflect.Method.invoke(Method.java:498) ~[na:1.8.0_442]
	at org.springframework.boot.devtools.restart.RestartLauncher.run(RestartLauncher.java:49) [spring-boot-devtools-2.0.8.RELEASE.jar:2.0.8.RELEASE]
Caused by: org.hibernate.AnnotationException: @OneToOne or @ManyToOne on com.geneza.lms.domain.secondary.User.person references an unknown entity: com.geneza.lms.domain.Person
	at org.hibernate.cfg.ToOneFkSecondPass.doSecondPass(ToOneFkSecondPass.java:97) ~[hibernate-core-5.2.17.Final.jar:5.2.17.Final]
	at org.hibernate.boot.internal.InFlightMetadataCollectorImpl.processEndOfQueue(InFlightMetadataCollectorImpl.java:1771) ~[hibernate-core-5.2.17.Final.jar:5.2.17.Final]
	at org.hibernate.boot.internal.InFlightMetadataCollectorImpl.processFkSecondPassesInOrder(InFlightMetadataCollectorImpl.java:1715) ~[hibernate-core-5.2.17.Final.jar:5.2.17.Final]
	at org.hibernate.boot.internal.InFlightMetadataCollectorImpl.processSecondPasses(InFlightMetadataCollectorImpl.java:1602) ~[hibernate-core-5.2.17.Final.jar:5.2.17.Final]
	at org.hibernate.boot.model.process.spi.MetadataBuildingProcess.complete(MetadataBuildingProcess.java:278) ~[hibernate-core-5.2.17.Final.jar:5.2.17.Final]
	at org.hibernate.jpa.boot.internal.EntityManagerFactoryBuilderImpl.metadata(EntityManagerFactoryBuilderImpl.java:861) ~[hibernate-core-5.2.17.Final.jar:5.2.17.Final]
	at org.hibernate.jpa.boot.internal.EntityManagerFactoryBuilderImpl.build(EntityManagerFactoryBuilderImpl.java:888) ~[hibernate-core-5.2.17.Final.jar:5.2.17.Final]
	at org.springframework.orm.jpa.vendor.SpringHibernateJpaPersistenceProvider.createContainerEntityManagerFactory(SpringHibernateJpaPersistenceProvider.java:57) ~[spring-orm-5.0.12.RELEASE.jar:5.0.12.RELEASE]
	at org.springframework.orm.jpa.LocalContainerEntityManagerFactoryBean.createNativeEntityManagerFactory(LocalContainerEntityManagerFactoryBean.java:365) ~[spring-orm-5.0.12.RELEASE.jar:5.0.12.RELEASE]
	at org.springframework.orm.jpa.AbstractEntityManagerFactoryBean.buildNativeEntityManagerFactory(AbstractEntityManagerFactoryBean.java:390) ~[spring-orm-5.0.12.RELEASE.jar:5.0.12.RELEASE]
	at org.springframework.orm.jpa.AbstractEntityManagerFactoryBean.afterPropertiesSet(AbstractEntityManagerFactoryBean.java:377) ~[spring-orm-5.0.12.RELEASE.jar:5.0.12.RELEASE]
	at org.springframework.orm.jpa.LocalContainerEntityManagerFactoryBean.afterPropertiesSet(LocalContainerEntityManagerFactoryBean.java:341) ~[spring-orm-5.0.12.RELEASE.jar:5.0.12.RELEASE]
	at org.springframework.beans.factory.support.AbstractAutowireCapableBeanFactory.invokeInitMethods(AbstractAutowireCapableBeanFactory.java:1753) ~[spring-beans-5.0.12.RELEASE.jar:5.0.12.RELEASE]
	at org.springframework.beans.factory.support.AbstractAutowireCapableBeanFactory.initializeBean(AbstractAutowireCapableBeanFactory.java:1690) ~[spring-beans-5.0.12.RELEASE.jar:5.0.12.RELEASE]
	... 21 common frames omitted

2025-03-26 05:36:03.649  INFO 519325 --- [restartedMain] com.geneza.lms.Application               : Starting Application on ip-172-31-25-44 with PID 519325 (/home/ubuntu/lms/lms/lmspost/lmspost/target/classes started by ubuntu in /home/ubuntu/lms/lms/lmspost/lmspost)
2025-03-26 05:36:03.653  INFO 519325 --- [restartedMain] com.geneza.lms.Application               : No active profile set, falling back to default profiles: default
2025-03-26 05:36:08.106  INFO 519325 --- [restartedMain] o.apache.catalina.core.StandardService   : Starting service [Tomcat]
2025-03-26 05:36:08.107  INFO 519325 --- [restartedMain] org.apache.catalina.core.StandardEngine  : Starting Servlet Engine: Apache Tomcat/8.5.37
2025-03-26 05:36:08.129  INFO 519325 --- [localhost-startStop-1] o.a.catalina.core.AprLifecycleListener   : The APR based Apache Tomcat Native library which allows optimal performance in production environments was not found on the java.library.path: [/usr/java/packages/lib/amd64:/usr/lib/x86_64-linux-gnu/jni:/lib/x86_64-linux-gnu:/usr/lib/x86_64-linux-gnu:/usr/lib/jni:/lib:/usr/lib]
2025-03-26 05:36:08.291  INFO 519325 --- [localhost-startStop-1] o.a.c.c.C.[Tomcat].[localhost].[/]       : Initializing Spring embedded WebApplicationContext
2025-03-26 05:36:49.662  INFO 519325 --- [restartedMain] o.apache.catalina.core.StandardService   : Stopping service [Tomcat]
2025-03-26 05:36:49.723 ERROR 519325 --- [restartedMain] o.s.boot.SpringApplication               : Application run failed

org.springframework.beans.factory.BeanCreationException: Error creating bean with name 'secondaryEntityManagerFactory' defined in class path resource [com/geneza/lms/config/SecondaryDatabaseConfig.class]: Invocation of init method failed; nested exception is org.hibernate.AnnotationException: Use of @OneToMany or @ManyToMany targeting an unmapped class: com.geneza.lms.domain.secondary.User.roles[com.geneza.lms.domain.Role]
	at org.springframework.beans.factory.support.AbstractAutowireCapableBeanFactory.initializeBean(AbstractAutowireCapableBeanFactory.java:1694) ~[spring-beans-5.0.12.RELEASE.jar:5.0.12.RELEASE]
	at org.springframework.beans.factory.support.AbstractAutowireCapableBeanFactory.doCreateBean(AbstractAutowireCapableBeanFactory.java:573) ~[spring-beans-5.0.12.RELEASE.jar:5.0.12.RELEASE]
	at org.springframework.beans.factory.support.AbstractAutowireCapableBeanFactory.createBean(AbstractAutowireCapableBeanFactory.java:495) ~[spring-beans-5.0.12.RELEASE.jar:5.0.12.RELEASE]
	at org.springframework.beans.factory.support.AbstractBeanFactory.lambda$doGetBean$0(AbstractBeanFactory.java:317) ~[spring-beans-5.0.12.RELEASE.jar:5.0.12.RELEASE]
	at org.springframework.beans.factory.support.DefaultSingletonBeanRegistry.getSingleton(DefaultSingletonBeanRegistry.java:222) ~[spring-beans-5.0.12.RELEASE.jar:5.0.12.RELEASE]
	at org.springframework.beans.factory.support.AbstractBeanFactory.doGetBean(AbstractBeanFactory.java:315) ~[spring-beans-5.0.12.RELEASE.jar:5.0.12.RELEASE]
	at org.springframework.beans.factory.support.AbstractBeanFactory.getBean(AbstractBeanFactory.java:199) ~[spring-beans-5.0.12.RELEASE.jar:5.0.12.RELEASE]
	at org.springframework.context.support.AbstractApplicationContext.getBean(AbstractApplicationContext.java:1087) ~[spring-context-5.0.12.RELEASE.jar:5.0.12.RELEASE]
	at org.springframework.context.support.AbstractApplicationContext.finishBeanFactoryInitialization(AbstractApplicationContext.java:857) ~[spring-context-5.0.12.RELEASE.jar:5.0.12.RELEASE]
	at org.springframework.context.support.AbstractApplicationContext.refresh(AbstractApplicationContext.java:548) ~[spring-context-5.0.12.RELEASE.jar:5.0.12.RELEASE]
	at org.springframework.boot.web.servlet.context.ServletWebServerApplicationContext.refresh(ServletWebServerApplicationContext.java:142) ~[spring-boot-2.0.8.RELEASE.jar:2.0.8.RELEASE]
	at org.springframework.boot.SpringApplication.refresh(SpringApplication.java:754) [spring-boot-2.0.8.RELEASE.jar:2.0.8.RELEASE]
	at org.springframework.boot.SpringApplication.refreshContext(SpringApplication.java:386) [spring-boot-2.0.8.RELEASE.jar:2.0.8.RELEASE]
	at org.springframework.boot.SpringApplication.run(SpringApplication.java:307) [spring-boot-2.0.8.RELEASE.jar:2.0.8.RELEASE]
	at org.springframework.boot.SpringApplication.run(SpringApplication.java:1242) [spring-boot-2.0.8.RELEASE.jar:2.0.8.RELEASE]
	at org.springframework.boot.SpringApplication.run(SpringApplication.java:1230) [spring-boot-2.0.8.RELEASE.jar:2.0.8.RELEASE]
	at com.geneza.lms.Application.main(Application.java:23) [classes/:na]
	at sun.reflect.NativeMethodAccessorImpl.invoke0(Native Method) ~[na:1.8.0_442]
	at sun.reflect.NativeMethodAccessorImpl.invoke(NativeMethodAccessorImpl.java:62) ~[na:1.8.0_442]
	at sun.reflect.DelegatingMethodAccessorImpl.invoke(DelegatingMethodAccessorImpl.java:43) ~[na:1.8.0_442]
	at java.lang.reflect.Method.invoke(Method.java:498) ~[na:1.8.0_442]
	at org.springframework.boot.devtools.restart.RestartLauncher.run(RestartLauncher.java:49) [spring-boot-devtools-2.0.8.RELEASE.jar:2.0.8.RELEASE]
Caused by: org.hibernate.AnnotationException: Use of @OneToMany or @ManyToMany targeting an unmapped class: com.geneza.lms.domain.secondary.User.roles[com.geneza.lms.domain.Role]
	at org.hibernate.cfg.annotations.CollectionBinder.bindManyToManySecondPass(CollectionBinder.java:1253) ~[hibernate-core-5.2.17.Final.jar:5.2.17.Final]
	at org.hibernate.cfg.annotations.CollectionBinder.bindStarToManySecondPass(CollectionBinder.java:810) ~[hibernate-core-5.2.17.Final.jar:5.2.17.Final]
	at org.hibernate.cfg.annotations.CollectionBinder$1.secondPass(CollectionBinder.java:735) ~[hibernate-core-5.2.17.Final.jar:5.2.17.Final]
	at org.hibernate.cfg.CollectionSecondPass.doSecondPass(CollectionSecondPass.java:54) ~[hibernate-core-5.2.17.Final.jar:5.2.17.Final]
	at org.hibernate.boot.internal.InFlightMetadataCollectorImpl.processSecondPasses(InFlightMetadataCollectorImpl.java:1640) ~[hibernate-core-5.2.17.Final.jar:5.2.17.Final]
	at org.hibernate.boot.internal.InFlightMetadataCollectorImpl.processSecondPasses(InFlightMetadataCollectorImpl.java:1608) ~[hibernate-core-5.2.17.Final.jar:5.2.17.Final]
	at org.hibernate.boot.model.process.spi.MetadataBuildingProcess.complete(MetadataBuildingProcess.java:278) ~[hibernate-core-5.2.17.Final.jar:5.2.17.Final]
	at org.hibernate.jpa.boot.internal.EntityManagerFactoryBuilderImpl.metadata(EntityManagerFactoryBuilderImpl.java:861) ~[hibernate-core-5.2.17.Final.jar:5.2.17.Final]
	at org.hibernate.jpa.boot.internal.EntityManagerFactoryBuilderImpl.build(EntityManagerFactoryBuilderImpl.java:888) ~[hibernate-core-5.2.17.Final.jar:5.2.17.Final]
	at org.springframework.orm.jpa.vendor.SpringHibernateJpaPersistenceProvider.createContainerEntityManagerFactory(SpringHibernateJpaPersistenceProvider.java:57) ~[spring-orm-5.0.12.RELEASE.jar:5.0.12.RELEASE]
	at org.springframework.orm.jpa.LocalContainerEntityManagerFactoryBean.createNativeEntityManagerFactory(LocalContainerEntityManagerFactoryBean.java:365) ~[spring-orm-5.0.12.RELEASE.jar:5.0.12.RELEASE]
	at org.springframework.orm.jpa.AbstractEntityManagerFactoryBean.buildNativeEntityManagerFactory(AbstractEntityManagerFactoryBean.java:390) ~[spring-orm-5.0.12.RELEASE.jar:5.0.12.RELEASE]
	at org.springframework.orm.jpa.AbstractEntityManagerFactoryBean.afterPropertiesSet(AbstractEntityManagerFactoryBean.java:377) ~[spring-orm-5.0.12.RELEASE.jar:5.0.12.RELEASE]
	at org.springframework.orm.jpa.LocalContainerEntityManagerFactoryBean.afterPropertiesSet(LocalContainerEntityManagerFactoryBean.java:341) ~[spring-orm-5.0.12.RELEASE.jar:5.0.12.RELEASE]
	at org.springframework.beans.factory.support.AbstractAutowireCapableBeanFactory.invokeInitMethods(AbstractAutowireCapableBeanFactory.java:1753) ~[spring-beans-5.0.12.RELEASE.jar:5.0.12.RELEASE]
	at org.springframework.beans.factory.support.AbstractAutowireCapableBeanFactory.initializeBean(AbstractAutowireCapableBeanFactory.java:1690) ~[spring-beans-5.0.12.RELEASE.jar:5.0.12.RELEASE]
	... 21 common frames omitted

2025-03-26 05:37:53.231  INFO 519948 --- [restartedMain] com.geneza.lms.Application               : Starting Application on ip-172-31-25-44 with PID 519948 (/home/ubuntu/lms/lms/lmspost/lmspost/target/classes started by ubuntu in /home/ubuntu/lms/lms/lmspost/lmspost)
2025-03-26 05:37:53.240  INFO 519948 --- [restartedMain] com.geneza.lms.Application               : No active profile set, falling back to default profiles: default
2025-03-26 05:37:57.714  INFO 519948 --- [restartedMain] o.apache.catalina.core.StandardService   : Starting service [Tomcat]
2025-03-26 05:37:57.715  INFO 519948 --- [restartedMain] org.apache.catalina.core.StandardEngine  : Starting Servlet Engine: Apache Tomcat/8.5.37
2025-03-26 05:37:57.733  INFO 519948 --- [localhost-startStop-1] o.a.catalina.core.AprLifecycleListener   : The APR based Apache Tomcat Native library which allows optimal performance in production environments was not found on the java.library.path: [/usr/java/packages/lib/amd64:/usr/lib/x86_64-linux-gnu/jni:/lib/x86_64-linux-gnu:/usr/lib/x86_64-linux-gnu:/usr/lib/jni:/lib:/usr/lib]
2025-03-26 05:37:57.943  INFO 519948 --- [localhost-startStop-1] o.a.c.c.C.[Tomcat].[localhost].[/]       : Initializing Spring embedded WebApplicationContext
2025-03-26 05:38:38.560 DEBUG 519948 --- [restartedMain] org.hibernate.SQL                        : create table user (id  serial not null, created_at timestamp not null, email varchar(255) not null, login varchar(255) not null, name varchar(255) not null, password varchar(255) not null, updated_at timestamp not null, primary key (id))
2025-03-26 05:38:38.629 DEBUG 519948 --- [restartedMain] org.hibernate.SQL                        : alter table user drop constraint UK_ob8kqyqqgmefl0aco34akdtpe
2025-03-26 05:38:38.692 DEBUG 519948 --- [restartedMain] org.hibernate.SQL                        : alter table user add constraint UK_ob8kqyqqgmefl0aco34akdtpe unique (email)
2025-03-26 05:38:38.754 DEBUG 519948 --- [restartedMain] org.hibernate.SQL                        : alter table user drop constraint UK_ew1hvam8uwaknuaellwhqchhb
2025-03-26 05:38:38.817 DEBUG 519948 --- [restartedMain] org.hibernate.SQL                        : alter table user add constraint UK_ew1hvam8uwaknuaellwhqchhb unique (login)
2025-03-26 05:38:38.985  INFO 519948 --- [restartedMain] o.apache.catalina.core.StandardService   : Stopping service [Tomcat]
2025-03-26 05:38:39.224 ERROR 519948 --- [restartedMain] o.s.boot.SpringApplication               : Application run failed

org.springframework.beans.factory.UnsatisfiedDependencyException: Error creating bean with name 'customUserDetailsService' defined in file [/home/ubuntu/lms/lms/lmspost/lmspost/target/classes/com/geneza/lms/security/CustomUserDetailsService.class]: Unsatisfied dependency expressed through constructor parameter 0; nested exception is org.springframework.beans.factory.NoSuchBeanDefinitionException: No qualifying bean of type 'com.geneza.lms.persistence.UserRepository' available: expected at least 1 bean which qualifies as autowire candidate. Dependency annotations: {}
	at org.springframework.beans.factory.support.ConstructorResolver.createArgumentArray(ConstructorResolver.java:733) ~[spring-beans-5.0.12.RELEASE.jar:5.0.12.RELEASE]
	at org.springframework.beans.factory.support.ConstructorResolver.autowireConstructor(ConstructorResolver.java:198) ~[spring-beans-5.0.12.RELEASE.jar:5.0.12.RELEASE]
	at org.springframework.beans.factory.support.AbstractAutowireCapableBeanFactory.autowireConstructor(AbstractAutowireCapableBeanFactory.java:1266) ~[spring-beans-5.0.12.RELEASE.jar:5.0.12.RELEASE]
	at org.springframework.beans.factory.support.AbstractAutowireCapableBeanFactory.createBeanInstance(AbstractAutowireCapableBeanFactory.java:1123) ~[spring-beans-5.0.12.RELEASE.jar:5.0.12.RELEASE]
	at org.springframework.beans.factory.support.AbstractAutowireCapableBeanFactory.doCreateBean(AbstractAutowireCapableBeanFactory.java:535) ~[spring-beans-5.0.12.RELEASE.jar:5.0.12.RELEASE]
	at org.springframework.beans.factory.support.AbstractAutowireCapableBeanFactory.createBean(AbstractAutowireCapableBeanFactory.java:495) ~[spring-beans-5.0.12.RELEASE.jar:5.0.12.RELEASE]
	at org.springframework.beans.factory.support.AbstractBeanFactory.lambda$doGetBean$0(AbstractBeanFactory.java:317) ~[spring-beans-5.0.12.RELEASE.jar:5.0.12.RELEASE]
	at org.springframework.beans.factory.support.DefaultSingletonBeanRegistry.getSingleton(DefaultSingletonBeanRegistry.java:222) ~[spring-beans-5.0.12.RELEASE.jar:5.0.12.RELEASE]
	at org.springframework.beans.factory.support.AbstractBeanFactory.doGetBean(AbstractBeanFactory.java:315) ~[spring-beans-5.0.12.RELEASE.jar:5.0.12.RELEASE]
	at org.springframework.beans.factory.support.AbstractBeanFactory.getBean(AbstractBeanFactory.java:199) ~[spring-beans-5.0.12.RELEASE.jar:5.0.12.RELEASE]
	at org.springframework.beans.factory.support.DefaultListableBeanFactory.preInstantiateSingletons(DefaultListableBeanFactory.java:759) ~[spring-beans-5.0.12.RELEASE.jar:5.0.12.RELEASE]
	at org.springframework.context.support.AbstractApplicationContext.finishBeanFactoryInitialization(AbstractApplicationContext.java:867) ~[spring-context-5.0.12.RELEASE.jar:5.0.12.RELEASE]
	at org.springframework.context.support.AbstractApplicationContext.refresh(AbstractApplicationContext.java:548) ~[spring-context-5.0.12.RELEASE.jar:5.0.12.RELEASE]
	at org.springframework.boot.web.servlet.context.ServletWebServerApplicationContext.refresh(ServletWebServerApplicationContext.java:142) ~[spring-boot-2.0.8.RELEASE.jar:2.0.8.RELEASE]
	at org.springframework.boot.SpringApplication.refresh(SpringApplication.java:754) [spring-boot-2.0.8.RELEASE.jar:2.0.8.RELEASE]
	at org.springframework.boot.SpringApplication.refreshContext(SpringApplication.java:386) [spring-boot-2.0.8.RELEASE.jar:2.0.8.RELEASE]
	at org.springframework.boot.SpringApplication.run(SpringApplication.java:307) [spring-boot-2.0.8.RELEASE.jar:2.0.8.RELEASE]
	at org.springframework.boot.SpringApplication.run(SpringApplication.java:1242) [spring-boot-2.0.8.RELEASE.jar:2.0.8.RELEASE]
	at org.springframework.boot.SpringApplication.run(SpringApplication.java:1230) [spring-boot-2.0.8.RELEASE.jar:2.0.8.RELEASE]
	at com.geneza.lms.Application.main(Application.java:23) [classes/:na]
	at sun.reflect.NativeMethodAccessorImpl.invoke0(Native Method) ~[na:1.8.0_442]
	at sun.reflect.NativeMethodAccessorImpl.invoke(NativeMethodAccessorImpl.java:62) ~[na:1.8.0_442]
	at sun.reflect.DelegatingMethodAccessorImpl.invoke(DelegatingMethodAccessorImpl.java:43) ~[na:1.8.0_442]
	at java.lang.reflect.Method.invoke(Method.java:498) ~[na:1.8.0_442]
	at org.springframework.boot.devtools.restart.RestartLauncher.run(RestartLauncher.java:49) [spring-boot-devtools-2.0.8.RELEASE.jar:2.0.8.RELEASE]
Caused by: org.springframework.beans.factory.NoSuchBeanDefinitionException: No qualifying bean of type 'com.geneza.lms.persistence.UserRepository' available: expected at least 1 bean which qualifies as autowire candidate. Dependency annotations: {}
	at org.springframework.beans.factory.support.DefaultListableBeanFactory.raiseNoMatchingBeanFound(DefaultListableBeanFactory.java:1506) ~[spring-beans-5.0.12.RELEASE.jar:5.0.12.RELEASE]
	at org.springframework.beans.factory.support.DefaultListableBeanFactory.doResolveDependency(DefaultListableBeanFactory.java:1101) ~[spring-beans-5.0.12.RELEASE.jar:5.0.12.RELEASE]
	at org.springframework.beans.factory.support.DefaultListableBeanFactory.resolveDependency(DefaultListableBeanFactory.java:1062) ~[spring-beans-5.0.12.RELEASE.jar:5.0.12.RELEASE]
	at org.springframework.beans.factory.support.ConstructorResolver.resolveAutowiredArgument(ConstructorResolver.java:819) ~[spring-beans-5.0.12.RELEASE.jar:5.0.12.RELEASE]
	at org.springframework.beans.factory.support.ConstructorResolver.createArgumentArray(ConstructorResolver.java:725) ~[spring-beans-5.0.12.RELEASE.jar:5.0.12.RELEASE]
	... 24 common frames omitted

2025-03-26 05:41:53.775  INFO 521258 --- [restartedMain] com.geneza.lms.Application               : Starting Application on ip-172-31-25-44 with PID 521258 (/home/ubuntu/lms/lms/lmspost/lmspost/target/classes started by ubuntu in /home/ubuntu/lms/lms/lmspost/lmspost)
2025-03-26 05:41:53.779  INFO 521258 --- [restartedMain] com.geneza.lms.Application               : No active profile set, falling back to default profiles: default
2025-03-26 05:41:58.400  INFO 521258 --- [restartedMain] o.apache.catalina.core.StandardService   : Starting service [Tomcat]
2025-03-26 05:41:58.401  INFO 521258 --- [restartedMain] org.apache.catalina.core.StandardEngine  : Starting Servlet Engine: Apache Tomcat/8.5.37
2025-03-26 05:41:58.422  INFO 521258 --- [localhost-startStop-1] o.a.catalina.core.AprLifecycleListener   : The APR based Apache Tomcat Native library which allows optimal performance in production environments was not found on the java.library.path: [/usr/java/packages/lib/amd64:/usr/lib/x86_64-linux-gnu/jni:/lib/x86_64-linux-gnu:/usr/lib/x86_64-linux-gnu:/usr/lib/jni:/lib:/usr/lib]
2025-03-26 05:41:58.582  INFO 521258 --- [localhost-startStop-1] o.a.c.c.C.[Tomcat].[localhost].[/]       : Initializing Spring embedded WebApplicationContext
2025-03-26 05:42:42.050 DEBUG 521258 --- [restartedMain] org.hibernate.SQL                        : create table user (id  serial not null, created_at timestamp not null, email varchar(255) not null, login varchar(255) not null, name varchar(255) not null, password varchar(255) not null, updated_at timestamp not null, primary key (id))
2025-03-26 05:42:42.123 DEBUG 521258 --- [restartedMain] org.hibernate.SQL                        : alter table user drop constraint UK_ob8kqyqqgmefl0aco34akdtpe
2025-03-26 05:42:42.191 DEBUG 521258 --- [restartedMain] org.hibernate.SQL                        : alter table user add constraint UK_ob8kqyqqgmefl0aco34akdtpe unique (email)
2025-03-26 05:42:42.258 DEBUG 521258 --- [restartedMain] org.hibernate.SQL                        : alter table user drop constraint UK_ew1hvam8uwaknuaellwhqchhb
2025-03-26 05:42:42.323 DEBUG 521258 --- [restartedMain] org.hibernate.SQL                        : alter table user add constraint UK_ew1hvam8uwaknuaellwhqchhb unique (login)
2025-03-26 05:42:42.419  INFO 521258 --- [restartedMain] o.apache.catalina.core.StandardService   : Stopping service [Tomcat]
2025-03-26 05:42:42.553 ERROR 521258 --- [restartedMain] o.s.boot.SpringApplication               : Application run failed

org.springframework.beans.factory.UnsatisfiedDependencyException: Error creating bean with name 'customUserDetailsService' defined in file [/home/ubuntu/lms/lms/lmspost/lmspost/target/classes/com/geneza/lms/security/CustomUserDetailsService.class]: Unsatisfied dependency expressed through constructor parameter 0; nested exception is org.springframework.beans.factory.NoSuchBeanDefinitionException: No qualifying bean of type 'com.geneza.lms.persistence.UserRepository' available: expected at least 1 bean which qualifies as autowire candidate. Dependency annotations: {}
	at org.springframework.beans.factory.support.ConstructorResolver.createArgumentArray(ConstructorResolver.java:733) ~[spring-beans-5.0.12.RELEASE.jar:5.0.12.RELEASE]
	at org.springframework.beans.factory.support.ConstructorResolver.autowireConstructor(ConstructorResolver.java:198) ~[spring-beans-5.0.12.RELEASE.jar:5.0.12.RELEASE]
	at org.springframework.beans.factory.support.AbstractAutowireCapableBeanFactory.autowireConstructor(AbstractAutowireCapableBeanFactory.java:1266) ~[spring-beans-5.0.12.RELEASE.jar:5.0.12.RELEASE]
	at org.springframework.beans.factory.support.AbstractAutowireCapableBeanFactory.createBeanInstance(AbstractAutowireCapableBeanFactory.java:1123) ~[spring-beans-5.0.12.RELEASE.jar:5.0.12.RELEASE]
	at org.springframework.beans.factory.support.AbstractAutowireCapableBeanFactory.doCreateBean(AbstractAutowireCapableBeanFactory.java:535) ~[spring-beans-5.0.12.RELEASE.jar:5.0.12.RELEASE]
	at org.springframework.beans.factory.support.AbstractAutowireCapableBeanFactory.createBean(AbstractAutowireCapableBeanFactory.java:495) ~[spring-beans-5.0.12.RELEASE.jar:5.0.12.RELEASE]
	at org.springframework.beans.factory.support.AbstractBeanFactory.lambda$doGetBean$0(AbstractBeanFactory.java:317) ~[spring-beans-5.0.12.RELEASE.jar:5.0.12.RELEASE]
	at org.springframework.beans.factory.support.DefaultSingletonBeanRegistry.getSingleton(DefaultSingletonBeanRegistry.java:222) ~[spring-beans-5.0.12.RELEASE.jar:5.0.12.RELEASE]
	at org.springframework.beans.factory.support.AbstractBeanFactory.doGetBean(AbstractBeanFactory.java:315) ~[spring-beans-5.0.12.RELEASE.jar:5.0.12.RELEASE]
	at org.springframework.beans.factory.support.AbstractBeanFactory.getBean(AbstractBeanFactory.java:199) ~[spring-beans-5.0.12.RELEASE.jar:5.0.12.RELEASE]
	at org.springframework.beans.factory.support.DefaultListableBeanFactory.preInstantiateSingletons(DefaultListableBeanFactory.java:759) ~[spring-beans-5.0.12.RELEASE.jar:5.0.12.RELEASE]
	at org.springframework.context.support.AbstractApplicationContext.finishBeanFactoryInitialization(AbstractApplicationContext.java:867) ~[spring-context-5.0.12.RELEASE.jar:5.0.12.RELEASE]
	at org.springframework.context.support.AbstractApplicationContext.refresh(AbstractApplicationContext.java:548) ~[spring-context-5.0.12.RELEASE.jar:5.0.12.RELEASE]
	at org.springframework.boot.web.servlet.context.ServletWebServerApplicationContext.refresh(ServletWebServerApplicationContext.java:142) ~[spring-boot-2.0.8.RELEASE.jar:2.0.8.RELEASE]
	at org.springframework.boot.SpringApplication.refresh(SpringApplication.java:754) [spring-boot-2.0.8.RELEASE.jar:2.0.8.RELEASE]
	at org.springframework.boot.SpringApplication.refreshContext(SpringApplication.java:386) [spring-boot-2.0.8.RELEASE.jar:2.0.8.RELEASE]
	at org.springframework.boot.SpringApplication.run(SpringApplication.java:307) [spring-boot-2.0.8.RELEASE.jar:2.0.8.RELEASE]
	at org.springframework.boot.SpringApplication.run(SpringApplication.java:1242) [spring-boot-2.0.8.RELEASE.jar:2.0.8.RELEASE]
	at org.springframework.boot.SpringApplication.run(SpringApplication.java:1230) [spring-boot-2.0.8.RELEASE.jar:2.0.8.RELEASE]
	at com.geneza.lms.Application.main(Application.java:23) [classes/:na]
	at sun.reflect.NativeMethodAccessorImpl.invoke0(Native Method) ~[na:1.8.0_442]
	at sun.reflect.NativeMethodAccessorImpl.invoke(NativeMethodAccessorImpl.java:62) ~[na:1.8.0_442]
	at sun.reflect.DelegatingMethodAccessorImpl.invoke(DelegatingMethodAccessorImpl.java:43) ~[na:1.8.0_442]
	at java.lang.reflect.Method.invoke(Method.java:498) ~[na:1.8.0_442]
	at org.springframework.boot.devtools.restart.RestartLauncher.run(RestartLauncher.java:49) [spring-boot-devtools-2.0.8.RELEASE.jar:2.0.8.RELEASE]
Caused by: org.springframework.beans.factory.NoSuchBeanDefinitionException: No qualifying bean of type 'com.geneza.lms.persistence.UserRepository' available: expected at least 1 bean which qualifies as autowire candidate. Dependency annotations: {}
	at org.springframework.beans.factory.support.DefaultListableBeanFactory.raiseNoMatchingBeanFound(DefaultListableBeanFactory.java:1506) ~[spring-beans-5.0.12.RELEASE.jar:5.0.12.RELEASE]
	at org.springframework.beans.factory.support.DefaultListableBeanFactory.doResolveDependency(DefaultListableBeanFactory.java:1101) ~[spring-beans-5.0.12.RELEASE.jar:5.0.12.RELEASE]
	at org.springframework.beans.factory.support.DefaultListableBeanFactory.resolveDependency(DefaultListableBeanFactory.java:1062) ~[spring-beans-5.0.12.RELEASE.jar:5.0.12.RELEASE]
	at org.springframework.beans.factory.support.ConstructorResolver.resolveAutowiredArgument(ConstructorResolver.java:819) ~[spring-beans-5.0.12.RELEASE.jar:5.0.12.RELEASE]
	at org.springframework.beans.factory.support.ConstructorResolver.createArgumentArray(ConstructorResolver.java:725) ~[spring-beans-5.0.12.RELEASE.jar:5.0.12.RELEASE]
	... 24 common frames omitted

